Build started 1/16/2017 5:28:54 PM.
     1>Project "c:\Users\bikashkumar.panda\documents\visual studio 2010\Projects\Demo\Demo\Demo.vcxproj" on node 2 (build target(s)).
     1>InitializeBuildStatus:
         Creating "Debug\Demo.unsuccessfulbuild" because "AlwaysCreate" was specified.
       ClCompile:
         All outputs are up-to-date.
         c:\Program Files (x86)\Microsoft Visual Studio 10.0\VC\bin\CL.exe /c /ZI /nologo /W3 /WX- /Od /Oy- /D WIN32 /D _DEBUG /D _CONSOLE /D _UNICODE /D UNICODE /Gm /EHsc /RTC1 /MDd /GS /fp:precise /Zc:wchar_t /Zc:forScope /Yu"StdAfx.h" /Fp"Debug\Demo.pch" /Fo"Debug\\" /Fd"Debug\vc100.pdb" /Gd /TP /analyze- /errorReport:prompt Demo.cpp
         Demo.cpp
     1>c:\users\bikashkumar.panda\documents\visual studio 2010\projects\demo\demo\demo.cpp(13): warning C4996: 'getch': The POSIX name for this item is deprecated. Instead, use the ISO C++ conformant name: _getch. See online help for details.
                 c:\program files (x86)\microsoft visual studio 10.0\vc\include\conio.h(128) : see declaration of 'getch'
       Link:
         c:\Program Files (x86)\Microsoft Visual Studio 10.0\VC\bin\link.exe /ERRORREPORT:PROMPT /OUT:"c:\users\bikashkumar.panda\documents\visual studio 2010\Projects\Demo\Debug\Demo.exe" /INCREMENTAL:NO /NOLOGO kernel32.lib user32.lib gdi32.lib winspool.lib comdlg32.lib advapi32.lib shell32.lib ole32.lib oleaut32.lib uuid.lib odbc32.lib odbccp32.lib /MANIFEST /ManifestFile:"Debug\Demo.exe.intermediate.manifest" /MANIFESTUAC:"level='asInvoker' uiAccess='false'" /DEBUG /PDB:"c:\users\bikashkumar.panda\documents\visual studio 2010\Projects\Demo\Debug\Demo.pdb" /SUBSYSTEM:CONSOLE /TLBID:1 /DYNAMICBASE /NXCOMPAT /IMPLIB:"c:\users\bikashkumar.panda\documents\visual studio 2010\Projects\Demo\Debug\Demo.lib" /MACHINE:X86 Debug\Demo.obj
         Debug\stdafx.obj
     1>Demo.obj : warning LNK4075: ignoring '/EDITANDCONTINUE' due to '/INCREMENTAL:NO' specification
         Demo.vcxproj -> c:\users\bikashkumar.panda\documents\visual studio 2010\Projects\Demo\Debug\Demo.exe
       Manifest:
         c:\Program Files (x86)\Microsoft SDKs\Windows\v7.0A\bin\mt.exe /nologo /verbose /outputresource:"c:\users\bikashkumar.panda\documents\visual studio 2010\Projects\Demo\Debug\Demo.exe;#1" /manifest Debug\Demo.exe.intermediate.manifest
       FinalizeBuildStatus:
         Deleting file "Debug\Demo.unsuccessfulbuild".
         Touching "Debug\Demo.lastbuildstate".
     1>Done Building Project "c:\Users\bikashkumar.panda\documents\visual studio 2010\Projects\Demo\Demo\Demo.vcxproj" (build target(s)).

Build succeeded.

Time Elapsed 00:00:00.64
